ParseStarterProject/build/outputs/logs/manifest-merger-release-report.txt
-- Merging decision tree log ---
manifest
ADDED from IZIGET\ParseStarterProject\AndroidManifest.xml:2:1-150:12
	package
		ADDED from IZIGET\ParseStarterProject\AndroidManifest.xml:3:5-31
	android:versionName
		ADDED from IZIGET\ParseStarterProject\AndroidManifest.xml:5:5-30
	android:versionCode
		ADDED from IZIGET\ParseStarterProject\AndroidManifest.xml:4:5-29
		INJECTED from IZIGET\ParseStarterProject\AndroidManifest.xml
		INJECTED from IZIGET\ParseStarterProject\AndroidManifest.xml
	xmlns:android
		ADDED from IZIGET\ParseStarterProject\AndroidManifest.xml:2:11-69
uses-sdk
ADDED from IZIGET\ParseStarterProject\AndroidManifest.xml:7:5-9:41
MERGED from [com.facebook.android:facebook-android-sdk:4.1.0] AndroidManifest.xml:24:5-26:41
MERGED from [com.android.support:support-v4:22.0.0] AndroidManifest.xml:20:5-43
MERGED from [com.google.android.gms:play-services-gcm:7.3.0] AndroidManifest.xml:18:5-42
MERGED from [com.google.android.gms:play-services-base:7.3.0] AndroidManifest.xml:18:5-42
MERGED from [com.android.support:support-v4:22.0.0] AndroidManifest.xml:20:5-43
	android:targetSdkVersion
		ADDED from IZIGET\ParseStarterProject\AndroidManifest.xml:9:9-38
		INJECTED from IZIGET\ParseStarterProject\AndroidManifest.xml
		INJECTED from IZIGET\ParseStarterProject\AndroidManifest.xml
	android:minSdkVersion
		ADDED from IZIGET\ParseStarterProject\AndroidManifest.xml:8:9-34
		INJECTED from IZIGET\ParseStarterProject\AndroidManifest.xml
		INJECTED from IZIGET\ParseStarterProject\AndroidManifest.xml
uses-permission#android.permission.CAMERA
ADDED from IZIGET\ParseStarterProject\AndroidManifest.xml:11:5-65
	android:name
		ADDED from IZIGET\ParseStarterProject\AndroidManifest.xml:11:22-62
uses-permission#android.permission.ACCESS_COARSE_LOCATION
ADDED from IZIGET\ParseStarterProject\AndroidManifest.xml:12:5-81
	android:name
		ADDED from IZIGET\ParseStarterProject\AndroidManifest.xml:12:22-78
uses-feature#android.hardware.camera
ADDED from IZIGET\ParseStarterProject\AndroidManifest.xml:14:5-60
	android:name
		ADDED from IZIGET\ParseStarterProject\AndroidManifest.xml:14:19-57
uses-feature#android.hardware.camera.autofocus
ADDED from IZIGET\ParseStarterProject\AndroidManifest.xml:15:5-70
	android:name
		ADDED from IZIGET\ParseStarterProject\AndroidManifest.xml:15:19-67
uses-permission#android.permission.ACCESS_FINE_LOCATION
ADDED from IZIGET\ParseStarterProject\AndroidManifest.xml:17:5-79
	android:name
		ADDED from IZIGET\ParseStarterProject\AndroidManifest.xml:17:22-76
uses-permission#android.permission.INTERNET
ADDED from IZIGET\ParseStarterProject\AndroidManifest.xml:18:5-67
	android:name
		ADDED from IZIGET\ParseStarterProject\AndroidManifest.xml:18:22-64
uses-permission#android.permission.ACCESS_NETWORK_STATE
ADDED from IZIGET\ParseStarterProject\AndroidManifest.xml:19:5-79
	android:name
		ADDED from IZIGET\ParseStarterProject\AndroidManifest.xml:19:22-76
uses-permission#android.permission.ACCESS_WIFI_STATE
ADDED from IZIGET\ParseStarterProject\AndroidManifest.xml:20:5-76
	android:name
		ADDED from IZIGET\ParseStarterProject\AndroidManifest.xml:20:22-73
uses-permission#android.permission.CHANGE_WIFI_STATE
ADDED from IZIGET\ParseStarterProject\AndroidManifest.xml:21:5-76
	android:name
		ADDED from IZIGET\ParseStarterProject\AndroidManifest.xml:21:22-73
uses-permission#android.permission.WAKE_LOCK
ADDED from IZIGET\ParseStarterProject\AndroidManifest.xml:24:5-68
	android:name
		ADDED from IZIGET\ParseStarterProject\AndroidManifest.xml:24:22-65
uses-permission#android.permission.VIBRATE
ADDED from IZIGET\ParseStarterProject\AndroidManifest.xml:25:5-66
	android:name
		ADDED from IZIGET\ParseStarterProject\AndroidManifest.xml:25:22-63
uses-permission#android.permission.RECEIVE_BOOT_COMPLETED
ADDED from IZIGET\ParseStarterProject\AndroidManifest.xml:26:5-81
	android:name
		ADDED from IZIGET\ParseStarterProject\AndroidManifest.xml:26:22-78
uses-permission#android.permission.GET_ACCOUNTS
ADDED from IZIGET\ParseStarterProject\AndroidManifest.xml:27:5-71
	android:name
		ADDED from IZIGET\ParseStarterProject\AndroidManifest.xml:27:22-68
uses-permission#com.google.android.c2dm.permission.RECEIVE
ADDED from IZIGET\ParseStarterProject\AndroidManifest.xml:28:5-82
	android:name
		ADDED from IZIGET\ParseStarterProject\AndroidManifest.xml:28:22-79
permission#com.avihu.ezgeet.permission.C2D_MESSAGE
ADDED from IZIGET\ParseStarterProject\AndroidManifest.xml:34:5-36:47
	android:protectionLevel
		ADDED from IZIGET\ParseStarterProject\AndroidManifest.xml:36:9-44
	android:name
		ADDED from IZIGET\ParseStarterProject\AndroidManifest.xml:35:9-63
uses-permission#com.avihu.ezgeet.permission.C2D_MESSAGE
ADDED from IZIGET\ParseStarterProject\AndroidManifest.xml:38:5-79
	android:name
		ADDED from IZIGET\ParseStarterProject\AndroidManifest.xml:38:22-76
permission#android.permission.FLASHLIGHT
ADDED from IZIGET\ParseStarterProject\AndroidManifest.xml:40:5-43:44
	android:protectionLevel
		ADDED from IZIGET\ParseStarterProject\AndroidManifest.xml:43:9-41
	android:permissionGroup
		ADDED from IZIGET\ParseStarterProject\AndroidManifest.xml:42:9-77
	android:name
		ADDED from IZIGET\ParseStarterProject\AndroidManifest.xml:41:9-53
uses-permission#android.permission.WRITE_EXTERNAL_STORAGE
ADDED from IZIGET\ParseStarterProject\AndroidManifest.xml:45:5-47:38
	android:maxSdkVersion
		ADDED from IZIGET\ParseStarterProject\AndroidManifest.xml:47:9-35
	android:name
		ADDED from IZIGET\ParseStarterProject\AndroidManifest.xml:46:9-65
uses-permission#android.permission.READ_PHONE_STATE
ADDED from IZIGET\ParseStarterProject\AndroidManifest.xml:48:5-75
	android:name
		ADDED from IZIGET\ParseStarterProject\AndroidManifest.xml:48:22-72
uses-permission#android.permission.READ_EXTERNAL_STORAGE
ADDED from IZIGET\ParseStarterProject\AndroidManifest.xml:49:5-51:38
	android:maxSdkVersion
		ADDED from IZIGET\ParseStarterProject\AndroidManifest.xml:51:9-35
	android:name
		ADDED from IZIGET\ParseStarterProject\AndroidManifest.xml:50:9-64
application
ADDED from IZIGET\ParseStarterProject\AndroidManifest.xml:53:5-148:19
MERGED from [com.facebook.android:facebook-android-sdk:4.1.0] AndroidManifest.xml:28:5-20
MERGED from [com.android.support:support-v4:22.0.0] AndroidManifest.xml:22:5-20
MERGED from [com.google.android.gms:play-services-gcm:7.3.0] AndroidManifest.xml:19:5-20
MERGED from [com.google.android.gms:play-services-base:7.3.0] AndroidManifest.xml:20:5-24:19
MERGED from [com.android.support:support-v4:22.0.0] AndroidManifest.xml:22:5-20
	android:label
		ADDED from IZIGET\ParseStarterProject\AndroidManifest.xml:57:9-41
	android:allowBackup
		ADDED from IZIGET\ParseStarterProject\AndroidManifest.xml:55:9-35
	android:icon
		ADDED from IZIGET\ParseStarterProject\AndroidManifest.xml:56:9-44
	android:name
		ADDED from IZIGET\ParseStarterProject\AndroidManifest.xml:54:9-41
meta-data#com.facebook.sdk.ApplicationId
ADDED from IZIGET\ParseStarterProject\AndroidManifest.xml:58:9-60:55
	android:value
		ADDED from IZIGET\ParseStarterProject\AndroidManifest.xml:60:13-52
	android:name
		ADDED from IZIGET\ParseStarterProject\AndroidManifest.xml:59:13-58
meta-data#com.parse.APPLICATION_ID
ADDED from IZIGET\ParseStarterProject\AndroidManifest.xml:61:9-63:52
	android:value
		ADDED from IZIGET\ParseStarterProject\AndroidManifest.xml:63:13-49
	android:name
		ADDED from IZIGET\ParseStarterProject\AndroidManifest.xml:62:13-52
meta-data#com.parse.CLIENT_KEY
ADDED from IZIGET\ParseStarterProject\AndroidManifest.xml:64:9-66:56
	android:value
		ADDED from IZIGET\ParseStarterProject\AndroidManifest.xml:66:13-53
	android:name
		ADDED from IZIGET\ParseStarterProject\AndroidManifest.xml:65:13-48
activity#com.avihu.ezgeet.MainActivity
ADDED from IZIGET\ParseStarterProject\AndroidManifest.xml:68:9-78:20
	android:screenOrientation
		ADDED from IZIGET\ParseStarterProject\AndroidManifest.xml:72:13-49
	android:label
		ADDED from IZIGET\ParseStarterProject\AndroidManifest.xml:71:13-45
	android:configChanges
		ADDED from IZIGET\ParseStarterProject\AndroidManifest.xml:70:13-63
	android:name
		ADDED from IZIGET\ParseStarterProject\AndroidManifest.xml:69:13-41
intent-filter#android.intent.action.MAIN+android.intent.category.LAUNCHER
ADDED from IZIGET\ParseStarterProject\AndroidManifest.xml:73:13-77:29
action#android.intent.action.MAIN
ADDED from IZIGET\ParseStarterProject\AndroidManifest.xml:74:17-69
	android:name
		ADDED from IZIGET\ParseStarterProject\AndroidManifest.xml:74:25-66
category#android.intent.category.LAUNCHER
ADDED from IZIGET\ParseStarterProject\AndroidManifest.xml:76:17-77
	android:name
		ADDED from IZIGET\ParseStarterProject\AndroidManifest.xml:76:27-74
activity#com.avihu.ezgeet.CameraTestActivity
ADDED from IZIGET\ParseStarterProject\AndroidManifest.xml:79:9-82:20
	android:label
		ADDED from IZIGET\ParseStarterProject\AndroidManifest.xml:81:13-45
	android:name
		ADDED from IZIGET\ParseStarterProject\AndroidManifest.xml:80:13-47
activity#com.facebook.FacebookActivity
ADDED from IZIGET\ParseStarterProject\AndroidManifest.xml:83:9-87:75
	android:label
		ADDED from IZIGET\ParseStarterProject\AndroidManifest.xml:86:13-45
	android:configChanges
		ADDED from IZIGET\ParseStarterProject\AndroidManifest.xml:85:13-96
	android:theme
		ADDED from IZIGET\ParseStarterProject\AndroidManifest.xml:87:13-72
	android:name
		ADDED from IZIGET\ParseStarterProject\AndroidManifest.xml:84:13-57
activity#com.avihu.ezgeet.AfterScanActivity
ADDED from IZIGET\ParseStarterProject\AndroidManifest.xml:88:9-93:20
	android:screenOrientation
		ADDED from IZIGET\ParseStarterProject\AndroidManifest.xml:92:13-49
	android:label
		ADDED from IZIGET\ParseStarterProject\AndroidManifest.xml:91:13-62
	android:configChanges
		ADDED from IZIGET\ParseStarterProject\AndroidManifest.xml:90:13-63
	android:name
		ADDED from IZIGET\ParseStarterProject\AndroidManifest.xml:89:13-46
activity#com.avihu.ezgeet.MenuActivity
ADDED from IZIGET\ParseStarterProject\AndroidManifest.xml:94:9-99:20
	android:screenOrientation
		ADDED from IZIGET\ParseStarterProject\AndroidManifest.xml:98:13-49
	android:label
		ADDED from IZIGET\ParseStarterProject\AndroidManifest.xml:97:13-56
	android:configChanges
		ADDED from IZIGET\ParseStarterProject\AndroidManifest.xml:96:13-63
	android:name
		ADDED from IZIGET\ParseStarterProject\AndroidManifest.xml:95:13-41
activity#com.avihu.ezgeet.LastOrdersActivity
ADDED from IZIGET\ParseStarterProject\AndroidManifest.xml:100:9-105:20
	android:screenOrientation
		ADDED from IZIGET\ParseStarterProject\AndroidManifest.xml:104:13-49
	android:label
		ADDED from IZIGET\ParseStarterProject\AndroidManifest.xml:103:13-63
	android:configChanges
		ADDED from IZIGET\ParseStarterProject\AndroidManifest.xml:102:13-63
	android:name
		ADDED from IZIGET\ParseStarterProject\AndroidManifest.xml:101:13-47
activity#com.avihu.ezgeet.MusicActivity
ADDED from IZIGET\ParseStarterProject\AndroidManifest.xml:106:9-109:20
	android:label
		ADDED from IZIGET\ParseStarterProject\AndroidManifest.xml:108:13-57
	android:name
		ADDED from IZIGET\ParseStarterProject\AndroidManifest.xml:107:13-42
activity#com.avihu.ezgeet.CancelOrderActivity
ADDED from IZIGET\ParseStarterProject\AndroidManifest.xml:110:9-113:20
	android:label
		ADDED from IZIGET\ParseStarterProject\AndroidManifest.xml:112:13-64
	android:name
		ADDED from IZIGET\ParseStarterProject\AndroidManifest.xml:111:13-48
service#com.parse.PushService
ADDED from IZIGET\ParseStarterProject\AndroidManifest.xml:115:9-57
	android:name
		ADDED from IZIGET\ParseStarterProject\AndroidManifest.xml:115:18-54
receiver#com.parse.ParseBroadcastReceiver
ADDED from IZIGET\ParseStarterProject\AndroidManifest.xml:117:9-122:20
	android:name
		ADDED from IZIGET\ParseStarterProject\AndroidManifest.xml:117:19-66
intent-filter#android.intent.action.BOOT_COMPLETED+android.intent.action.USER_PRESENT
ADDED from IZIGET\ParseStarterProject\AndroidManifest.xml:118:13-121:29
action#android.intent.action.BOOT_COMPLETED
ADDED from IZIGET\ParseStarterProject\AndroidManifest.xml:119:17-79
	android:name
		ADDED from IZIGET\ParseStarterProject\AndroidManifest.xml:119:25-76
action#android.intent.action.USER_PRESENT
ADDED from IZIGET\ParseStarterProject\AndroidManifest.xml:120:17-77
	android:name
		ADDED from IZIGET\ParseStarterProject\AndroidManifest.xml:120:25-74
receiver#com.avihu.ezgeet.PushReceiver
ADDED from IZIGET\ParseStarterProject\AndroidManifest.xml:123:9-131:20
	android:exported
		ADDED from IZIGET\ParseStarterProject\AndroidManifest.xml:125:13-37
	android:name
		ADDED from IZIGET\ParseStarterProject\AndroidManifest.xml:124:13-41
intent-filter#com.parse.push.intent.DELETE+com.parse.push.intent.OPEN+com.parse.push.intent.RECEIVE
ADDED from IZIGET\ParseStarterProject\AndroidManifest.xml:126:13-130:29
action#com.parse.push.intent.RECEIVE
ADDED from IZIGET\ParseStarterProject\AndroidManifest.xml:127:17-72
	android:name
		ADDED from IZIGET\ParseStarterProject\AndroidManifest.xml:127:25-69
action#com.parse.push.intent.DELETE
ADDED from IZIGET\ParseStarterProject\AndroidManifest.xml:128:17-71
	android:name
		ADDED from IZIGET\ParseStarterProject\AndroidManifest.xml:128:25-68
action#com.parse.push.intent.OPEN
ADDED from IZIGET\ParseStarterProject\AndroidManifest.xml:129:17-69
	android:name
		ADDED from IZIGET\ParseStarterProject\AndroidManifest.xml:129:25-66
receiver#com.parse.GcmBroadcastReceiver
ADDED from IZIGET\ParseStarterProject\AndroidManifest.xml:132:9-142:20
	android:permission
		ADDED from IZIGET\ParseStarterProject\AndroidManifest.xml:134:13-73
	android:name
		ADDED from IZIGET\ParseStarterProject\AndroidManifest.xml:133:13-58
intent-filter#com.avihu.ezgeet+com.google.android.c2dm.intent.RECEIVE+com.google.android.c2dm.intent.REGISTRATION
ADDED from IZIGET\ParseStarterProject\AndroidManifest.xml:135:13-141:29
action#com.google.android.c2dm.intent.RECEIVE
ADDED from IZIGET\ParseStarterProject\AndroidManifest.xml:136:17-81
	android:name
		ADDED from IZIGET\ParseStarterProject\AndroidManifest.xml:136:25-78
action#com.google.android.c2dm.intent.REGISTRATION
ADDED from IZIGET\ParseStarterProject\AndroidManifest.xml:137:17-86
	android:name
		ADDED from IZIGET\ParseStarterProject\AndroidManifest.xml:137:25-83
category#com.avihu.ezgeet
ADDED from IZIGET\ParseStarterProject\AndroidManifest.xml:140:17-61
	android:name
		ADDED from IZIGET\ParseStarterProject\AndroidManifest.xml:140:27-58
activity#com.avihu.ezgeet.UserActivity
ADDED from IZIGET\ParseStarterProject\AndroidManifest.xml:144:9-147:20
	android:label
		ADDED from IZIGET\ParseStarterProject\AndroidManifest.xml:146:13-59
	android:name
		ADDED from IZIGET\ParseStarterProject\AndroidManifest.xml:145:13-41
meta-data#com.google.android.gms.version
ADDED from [com.google.android.gms:play-services-base:7.3.0] AndroidManifest.xml:21:9-23:69
	android:value
		ADDED from [com.google.android.gms:play-services-base:7.3.0] AndroidManifest.xml:23:13-66
	android:name
		ADDED from [com.google.android.gms:play-services-base:7.3.0] AndroidManifest.xml:22:13-58